Deploy complete @ Thu Aug 16 2018 17:42:14 GMT+0200 (CEST). added/changed 2 file(s): assets/theme.scss.liquid, assets/theme.scss.liquid.
Deploy complete @ Thu Aug 16 2018 17:43:38 GMT+0200 (CEST). added/changed 1 file(s): assets/theme.scss.liquid.
Deploy complete @ Thu Aug 16 2018 17:44:01 GMT+0200 (CEST). added/changed 1 file(s): assets/theme.scss.liquid.
Deploy complete @ Thu Aug 16 2018 17:55:21 GMT+0200 (CEST). added/changed 2 file(s): assets/theme.scss.liquid, assets/theme.scss.liquid.
Deploy complete @ Thu Aug 16 2018 17:58:08 GMT+0200 (CEST). added/changed 1 file(s): assets/theme.scss.liquid.
Deploy complete @ Thu Aug 16 2018 17:58:52 GMT+0200 (CEST). added/changed 1 file(s): assets/theme.scss.liquid.
Deploy complete @ Thu Aug 16 2018 17:59:09 GMT+0200 (CEST). added/changed 1 file(s): assets/theme.scss.liquid.
Deploy complete @ Thu Aug 16 2018 17:59:12 GMT+0200 (CEST). added/changed 1 file(s): assets/theme.scss.liquid.
Deploy complete @ Thu Aug 16 2018 17:59:32 GMT+0200 (CEST). added/changed 1 file(s): assets/theme.scss.liquid.
Deploy complete @ Thu Aug 16 2018 18:00:50 GMT+0200 (CEST). added/changed 1 file(s): assets/theme.scss.liquid.
Deploy complete @ Thu Aug 16 2018 18:01:43 GMT+0200 (CEST). added/changed 1 file(s): assets/theme.scss.liquid.
Deploy complete @ Thu Aug 16 2018 18:01:45 GMT+0200 (CEST). added/changed 1 file(s): assets/theme.scss.liquid.
Deploy complete @ Thu Aug 16 2018 18:03:35 GMT+0200 (CEST). added/changed 1 file(s): assets/theme.scss.liquid.
Deploy complete @ Thu Aug 16 2018 18:04:10 GMT+0200 (CEST). added/changed 1 file(s): assets/theme.scss.liquid.
Deploy complete @ Thu Aug 16 2018 18:04:12 GMT+0200 (CEST). added/changed 2 file(s): assets/theme.scss.liquid, assets/theme.scss.liquid.
Deploy complete @ Thu Aug 16 2018 18:09:43 GMT+0200 (CEST). added/changed 1 file(s): assets/theme.scss.liquid.
Deploy complete @ Thu Aug 16 2018 18:11:41 GMT+0200 (CEST). added/changed 1 file(s): assets/theme.scss.liquid.
Deploy complete @ Thu Aug 16 2018 18:13:06 GMT+0200 (CEST). added/changed 1 file(s): assets/theme.scss.liquid.
Deploy complete @ Thu Aug 16 2018 18:13:23 GMT+0200 (CEST). added/changed 1 file(s): assets/theme.scss.liquid.
Deploy complete @ Thu Aug 16 2018 18:14:46 GMT+0200 (CEST). added/changed 1 file(s): assets/theme.scss.liquid.
Deploy complete @ Thu Aug 16 2018 20:31:49 GMT+0200 (CEST). added/changed 2 file(s): assets/theme.scss.liquid, assets/theme.scss.liquid.
Deploy complete @ Thu Aug 16 2018 20:33:20 GMT+0200 (CEST). added/changed 4 file(s): assets/giftcard.js, assets/siema.js, assets/theme.js, assets/newsletter.js.
Deploy complete @ Thu Aug 16 2018 20:33:23 GMT+0200 (CEST). added/changed 1 file(s): assets/vendor.js.
Deploy complete @ Thu Aug 16 2018 20:33:28 GMT+0200 (CEST). added/changed 4 file(s): assets/giftcard.js, assets/newsletter.js, assets/siema.js, assets/theme.js.
Deploy complete @ Thu Aug 16 2018 20:33:37 GMT+0200 (CEST). added/changed 1 file(s): sections/footer.liquid.
Deploy complete @ Thu Aug 16 2018 20:34:19 GMT+0200 (CEST). added/changed 1 file(s): sections/header.liquid.
Deploy complete @ Thu Aug 16 2018 20:35:01 GMT+0200 (CEST). added/changed 1 file(s): sections/header.liquid.
Deploy complete @ Thu Aug 16 2018 20:37:49 GMT+0200 (CEST). added/changed 1 file(s): sections/header.liquid.
Deploy complete @ Thu Aug 16 2018 20:43:09 GMT+0200 (CEST). added/changed 1 file(s): sections/header.liquid.
Deploy complete @ Thu Aug 16 2018 20:45:51 GMT+0200 (CEST). added/changed 1 file(s): sections/header.liquid.
Deploy complete @ Thu Aug 16 2018 20:49:04 GMT+0200 (CEST). added/changed 1 file(s): sections/header.liquid.
Deploy complete @ Thu Aug 16 2018 20:50:38 GMT+0200 (CEST). added/changed 1 file(s): sections/header.liquid.
Deploy complete @ Thu Aug 16 2018 20:53:30 GMT+0200 (CEST). added/changed 1 file(s): sections/header.liquid.
Deploy complete @ Thu Aug 16 2018 20:54:35 GMT+0200 (CEST). added/changed 1 file(s): assets/vendor.js.
Deploy complete @ Thu Aug 16 2018 20:54:51 GMT+0200 (CEST). added/changed 1 file(s): sections/header.liquid.
Deploy complete @ Thu Aug 16 2018 21:01:13 GMT+0200 (CEST). added/changed 1 file(s): sections/header.liquid.
Deploy complete @ Thu Aug 16 2018 21:04:47 GMT+0200 (CEST). added/changed 1 file(s): sections/header.liquid.
Deploy complete @ Thu Aug 16 2018 21:05:19 GMT+0200 (CEST). added/changed 1 file(s): sections/header.liquid.
Deploy complete @ Thu Aug 16 2018 21:05:37 GMT+0200 (CEST). added/changed 1 file(s): sections/header.liquid.
Deploy complete @ Thu Aug 16 2018 21:07:55 GMT+0200 (CEST). added/changed 1 file(s): sections/header.liquid.
Deploy complete @ Thu Aug 16 2018 21:10:27 GMT+0200 (CEST). added/changed 1 file(s): sections/header.liquid.
Deploy complete @ Thu Aug 16 2018 21:10:41 GMT+0200 (CEST). added/changed 1 file(s): sections/header.liquid.
Deploy complete @ Thu Aug 16 2018 21:11:01 GMT+0200 (CEST). added/changed 1 file(s): sections/header.liquid.
Deploy complete @ Thu Aug 16 2018 21:11:19 GMT+0200 (CEST). added/changed 1 file(s): sections/header.liquid.
Deploy complete @ Thu Aug 16 2018 21:11:40 GMT+0200 (CEST). added/changed 1 file(s): sections/header.liquid.
Deploy complete @ Thu Aug 16 2018 21:11:56 GMT+0200 (CEST). added/changed 1 file(s): sections/header.liquid.
Deploy complete @ Thu Aug 16 2018 21:12:19 GMT+0200 (CEST). added/changed 1 file(s): sections/header.liquid.
Deploy complete @ Thu Aug 16 2018 21:12:48 GMT+0200 (CEST). added/changed 1 file(s): sections/header.liquid.
Deploy complete @ Thu Aug 16 2018 21:13:00 GMT+0200 (CEST). added/changed 1 file(s): sections/header.liquid.
Deploy complete @ Thu Aug 16 2018 21:13:41 GMT+0200 (CEST). added/changed 1 file(s): sections/header.liquid.
Deploy complete @ Thu Aug 16 2018 21:14:07 GMT+0200 (CEST). added/changed 1 file(s): sections/header.liquid.
Deploy complete @ Thu Aug 16 2018 21:14:16 GMT+0200 (CEST). added/changed 1 file(s): sections/header.liquid.
Deploy complete @ Thu Aug 16 2018 21:14:18 GMT+0200 (CEST). added/changed 1 file(s): sections/header.liquid.
Deploy complete @ Thu Aug 16 2018 21:14:37 GMT+0200 (CEST). added/changed 1 file(s): sections/header.liquid.
Deploy complete @ Thu Aug 16 2018 21:15:20 GMT+0200 (CEST). added/changed 1 file(s): sections/header.liquid.
Deploy complete @ Thu Aug 16 2018 21:15:51 GMT+0200 (CEST). added/changed 1 file(s): sections/header.liquid.
Deploy complete @ Thu Aug 16 2018 21:16:14 GMT+0200 (CEST). added/changed 1 file(s): sections/header.liquid.
Deploy complete @ Thu Aug 16 2018 21:16:49 GMT+0200 (CEST). added/changed 1 file(s): sections/header.liquid.
Deploy complete @ Thu Aug 16 2018 21:20:00 GMT+0200 (CEST). added/changed 1 file(s): assets/theme.scss.liquid.
Deploy complete @ Thu Aug 16 2018 21:21:00 GMT+0200 (CEST). added/changed 1 file(s): assets/theme.scss.liquid.
Deploy complete @ Thu Aug 16 2018 21:22:44 GMT+0200 (CEST). added/changed 2 file(s): assets/theme.scss.liquid, assets/theme.scss.liquid.
Deploy complete @ Thu Aug 16 2018 21:26:48 GMT+0200 (CEST). added/changed 1 file(s): sections/header.liquid.
Deploy complete @ Thu Aug 16 2018 21:32:52 GMT+0200 (CEST). added/changed 1 file(s): sections/header.liquid.
Deploy complete @ Thu Aug 16 2018 21:33:51 GMT+0200 (CEST). added/changed 1 file(s): sections/header.liquid.
Deploy complete @ Thu Aug 16 2018 21:34:38 GMT+0200 (CEST). added/changed 1 file(s): sections/header.liquid.
Deploy complete @ Thu Aug 16 2018 21:35:27 GMT+0200 (CEST). added/changed 1 file(s): sections/header.liquid.
Deploy complete @ Thu Aug 16 2018 21:36:25 GMT+0200 (CEST). added/changed 1 file(s): sections/header.liquid.
Deploy complete @ Thu Aug 16 2018 21:47:02 GMT+0200 (CEST). added/changed 1 file(s): sections/header.liquid.
Deploy complete @ Thu Aug 16 2018 21:47:04 GMT+0200 (CEST). added/changed 1 file(s): sections/header.liquid.
Deploy complete @ Thu Aug 16 2018 21:47:55 GMT+0200 (CEST). added/changed 1 file(s): sections/header.liquid.
Deploy complete @ Thu Aug 16 2018 21:48:12 GMT+0200 (CEST). added/changed 1 file(s): sections/header.liquid.
Deploy complete @ Thu Aug 16 2018 21:48:51 GMT+0200 (CEST). added/changed 1 file(s): assets/theme.scss.liquid.
Deploy complete @ Thu Aug 16 2018 21:49:19 GMT+0200 (CEST). added/changed 1 file(s): sections/header.liquid.
Deploy complete @ Thu Aug 16 2018 21:50:30 GMT+0200 (CEST). added/changed 1 file(s): sections/header.liquid.
Deploy complete @ Thu Aug 16 2018 21:51:04 GMT+0200 (CEST). added/changed 1 file(s): sections/header.liquid.
Deploy complete @ Thu Aug 16 2018 21:55:11 GMT+0200 (CEST). added/changed 1 file(s): sections/header.liquid.
Deploy complete @ Thu Aug 16 2018 21:55:49 GMT+0200 (CEST). added/changed 1 file(s): assets/theme.scss.liquid.
Deploy complete @ Thu Aug 16 2018 21:56:23 GMT+0200 (CEST). added/changed 1 file(s): sections/header.liquid.
Deploy complete @ Thu Aug 16 2018 21:56:56 GMT+0200 (CEST). added/changed 1 file(s): assets/theme.scss.liquid.
Deploy complete @ Thu Aug 16 2018 22:00:17 GMT+0200 (CEST). added/changed 1 file(s): assets/theme.scss.liquid.
Deploy complete @ Thu Aug 16 2018 22:00:55 GMT+0200 (CEST). added/changed 4 file(s): assets/giftcard.js, assets/newsletter.js, assets/siema.js, assets/theme.js.
Deploy complete @ Thu Aug 16 2018 22:09:35 GMT+0200 (CEST). added/changed 1 file(s): assets/theme.scss.liquid.
Deploy complete @ Thu Aug 16 2018 22:09:38 GMT+0200 (CEST). added/changed 1 file(s): assets/theme.scss.liquid.
Deploy complete @ Thu Aug 16 2018 22:10:25 GMT+0200 (CEST). added/changed 1 file(s): sections/header.liquid.
Deploy complete @ Thu Aug 16 2018 22:11:25 GMT+0200 (CEST). added/changed 1 file(s): assets/theme.scss.liquid.
Deploy complete @ Thu Aug 16 2018 22:12:19 GMT+0200 (CEST). added/changed 1 file(s): assets/theme.scss.liquid.
Deploy complete @ Thu Aug 16 2018 22:12:46 GMT+0200 (CEST). added/changed 4 file(s): assets/giftcard.js, assets/newsletter.js, assets/siema.js, assets/theme.js.
Deploy complete @ Thu Aug 16 2018 22:12:54 GMT+0200 (CEST). added/changed 1 file(s): assets/theme.scss.liquid.
Deploy complete @ Thu Aug 16 2018 22:13:30 GMT+0200 (CEST). added/changed 1 file(s): sections/header.liquid.
Deploy complete @ Thu Aug 16 2018 22:14:05 GMT+0200 (CEST). added/changed 1 file(s): assets/theme.scss.liquid.
Deploy complete @ Thu Aug 16 2018 22:14:10 GMT+0200 (CEST). added/changed 1 file(s): sections/header.liquid.
Deploy complete @ Thu Aug 16 2018 22:14:14 GMT+0200 (CEST). added/changed 1 file(s): sections/header.liquid.
Deploy complete @ Thu Aug 16 2018 22:15:12 GMT+0200 (CEST). added/changed 1 file(s): assets/theme.scss.liquid.
Deploy complete @ Thu Aug 16 2018 22:15:29 GMT+0200 (CEST). added/changed 1 file(s): assets/theme.scss.liquid.
Deploy complete @ Thu Aug 16 2018 22:16:18 GMT+0200 (CEST). added/changed 1 file(s): assets/theme.scss.liquid.
Deploy complete @ Thu Aug 16 2018 22:17:58 GMT+0200 (CEST). added/changed 1 file(s): assets/theme.scss.liquid.
Deploy complete @ Thu Aug 16 2018 22:18:32 GMT+0200 (CEST). added/changed 1 file(s): assets/theme.scss.liquid.
Deploy complete @ Thu Aug 16 2018 22:18:34 GMT+0200 (CEST). added/changed 1 file(s): assets/theme.scss.liquid.
Deploy complete @ Thu Aug 16 2018 22:19:04 GMT+0200 (CEST). added/changed 2 file(s): assets/theme.scss.liquid, assets/theme.scss.liquid.
Deploy complete @ Thu Aug 16 2018 22:21:25 GMT+0200 (CEST). added/changed 1 file(s): assets/theme.scss.liquid.
Deploy complete @ Thu Aug 16 2018 22:22:09 GMT+0200 (CEST). added/changed 4 file(s): assets/giftcard.js, assets/newsletter.js, assets/siema.js, assets/theme.js.
Deploy complete @ Thu Aug 16 2018 22:22:51 GMT+0200 (CEST). added/changed 4 file(s): assets/giftcard.js, assets/newsletter.js, assets/siema.js, assets/theme.js.
Deploy complete @ Thu Aug 16 2018 22:22:55 GMT+0200 (CEST). added/changed 5 file(s): assets/giftcard.js, assets/newsletter.js, assets/siema.js, assets/theme.js, assets/theme.scss.liquid.
Deploy complete @ Thu Aug 16 2018 22:23:35 GMT+0200 (CEST). added/changed 4 file(s): assets/giftcard.js, assets/newsletter.js, assets/siema.js, assets/theme.js.
Deploy complete @ Thu Aug 16 2018 22:23:40 GMT+0200 (CEST). added/changed 8 file(s): assets/giftcard.js, assets/newsletter.js, assets/siema.js, assets/theme.js, assets/giftcard.js, assets/newsletter.js, assets/siema.js, assets/theme.js.
Deploy complete @ Thu Aug 16 2018 22:23:43 GMT+0200 (CEST). added/changed 4 file(s): assets/giftcard.js, assets/newsletter.js, assets/siema.js, assets/theme.js.
Deploy complete @ Thu Aug 16 2018 22:24:17 GMT+0200 (CEST). added/changed 4 file(s): assets/giftcard.js, assets/newsletter.js, assets/siema.js, assets/theme.js.
Deploy complete @ Thu Aug 16 2018 22:24:20 GMT+0200 (CEST). added/changed 4 file(s): assets/giftcard.js, assets/newsletter.js, assets/siema.js, assets/theme.js.
Deploy complete @ Thu Aug 16 2018 22:24:22 GMT+0200 (CEST). added/changed 1 file(s): assets/theme.scss.liquid.
Deploy complete @ Thu Aug 16 2018 22:24:46 GMT+0200 (CEST). added/changed 4 file(s): assets/giftcard.js, assets/newsletter.js, assets/siema.js, assets/theme.js.
Deploy complete @ Thu Aug 16 2018 22:30:15 GMT+0200 (CEST). added/changed 4 file(s): assets/giftcard.js, assets/newsletter.js, assets/siema.js, assets/theme.js.
Deploy complete @ Fri Aug 17 2018 17:27:50 GMT+0200 (CEST). added/changed 2 file(s): layout/theme.liquid, sections/footer.liquid.
Deploy complete @ Fri Aug 17 2018 17:28:03 GMT+0200 (CEST). added/changed 2 file(s): assets/theme.scss.liquid, assets/theme.scss.liquid.
